ERROR:root:Unhandled Exception 
 Closing browser.. 
 Terminating process
ERROR:root:<class 'AttributeError'> : 'NoneType' object has no attribute 'group'
ERROR:root:Unhandled Exception 
 Closing browser.. 
 Terminating process
ERROR:root:<class 'AttributeError'> : 'NoneType' object has no attribute 'group'
ERROR:root:Unhandled Exception 
 Closing browser.. 
 Terminating process
ERROR:root:<class 'TypeError'> : expected str, bytes or os.PathLike object, not bool
ERROR:root:Unhandled Exception 
 Closing browser.. 
 Terminating process
ERROR:root:<class 'TypeError'> : expected str, bytes or os.PathLike object, not bool
ERROR:root:Unhandled Exception 
 Closing browser.. 
 Terminating process
ERROR:root:<class 'TypeError'> : expected str, bytes or os.PathLike object, not bool
ERROR:root:Unhandled Exception 
 Closing browser.. 
 Terminating process
ERROR:root:<class 'AttributeError'> : 'NoneType' object has no attribute 'group'
ERROR:root:Unhandled Exception 
 Closing browser.. 
 Terminating process
ERROR:root:<class 'AttributeError'> : 'NoneType' object has no attribute 'group'
ERROR:root:Unhandled Exception 
 Closing browser.. 
 Terminating process
ERROR:root:<class 'AttributeError'> : 'NoneType' object has no attribute 'group'
ERROR:root:Unhandled Exception 
 Closing browser.. 
 Terminating process
ERROR:root:<class 'AttributeError'> : 'NoneType' object has no attribute 'group'
